<?xml version="1.0" encoding="UTF-8"?>
<!-- Generated by org.testng.reporters.JUnitReportReporter -->
<testsuite skipped="0" hostname="5CG0262CXH" name="com.demo.SeleniumTest" tests="2" failures="0" timestamp="2021-07-15T16:17:24 IST" time="0.005" errors="0">
  <testcase name="firstTest" time="0.005" classname="com.demo.SeleniumTest"/>
  <system-out/>
  <testcase name="secondTest" time="0.000" classname="com.demo.SeleniumTest"/>
  <system-out/>
</testsuite> <!-- com.demo.SeleniumTest -->
