<?xml version="1.0" encoding="UTF-8"?>
<!-- Generated by org.testng.reporters.JUnitReportReporter -->
<testsuite skipped="0" hostname="5CG0262CXH" name="com.demo.AppTest" tests="2" failures="0" timestamp="2021-07-15T16:17:11 IST" time="0.006" errors="0">
  <testcase name="secondTest" time="0.000" classname="com.demo.AppTest"/>
  <system-out/>
  <testcase name="firstTest" time="0.006" classname="com.demo.AppTest"/>
  <system-out/>
</testsuite> <!-- com.demo.AppTest -->
